<?xml version="1.0" encoding="UTF-8"?>
<!-- Generated by org.testng.reporters.JUnitReportReporter -->
<testsuite hostname="DESKTOP-UNJUDHI" failures="0" tests="2" name="TestNgPractiesTest.TestNgTest" time="0.014" errors="0" timestamp="2022-09-13T16:57:49 IST" skipped="0">
  <testcase classname="TestNgPractiesTest.TestNgTest" name="step2Test" time="0.003"/>
  <system-out/>
  <testcase classname="TestNgPractiesTest.TestNgTest" name="step1Test" time="0.011"/>
  <system-out/>
</testsuite> <!-- TestNgPractiesTest.TestNgTest -->
