<?xml version="1.0" encoding="UTF-8"?>
<!-- Generated by org.testng.reporters.JUnitReportReporter -->
<testsuite hostname="DESKTOP-UNJUDHI" failures="0" tests="1" name="TestNgPractiesTest.TestNgTest3" time="0.000" errors="0" timestamp="2022-09-15T11:51:44 IST" skipped="1">
  <testcase classname="TestNgPractiesTest.TestNgTest3" name="step2Test" time="0.000">
    <skipped/>
  </testcase> <!-- step2Test -->
  <system-out/>
</testsuite> <!-- TestNgPractiesTest.TestNgTest3 -->
